<?xml version="1.0" encoding="UTF-8"?>
<!-- Generated by org.testng.reporters.JUnitXMLReporter -->
<testsuite ignored="0" hostname="DESKTOP-KQBH998" failures="2" tests="2" name="Test" time="13.863" errors="0" timestamp="2023-12-16T18:37:13 IST">
  <testcase classname="listener.MyTest" name="login" time="8.605">
    <failure type="java.lang.AssertionError" message="expected [Log in to Facebook] but found [fb-eeror]">
      <![CDATA[java.lang.AssertionError: expected [Log in to Facebook] but found [fb-eeror]
at listener.MyTest.login(MyTest.java:24)
at java.base/java.util.ArrayList.forEach(ArrayList.java:1511)
... Removed 33 stack frames]]>
    </failure>
  </testcase> <!-- login -->
  <testcase classname="listener.MyTest" name="titleCheck" time="4.544">
    <failure type="java.lang.AssertionError" message="expected [Facebook – log in or sign up] but found [fb]">
      <![CDATA[java.lang.AssertionError: expected [Facebook – log in or sign up] but found [fb]
at listener.MyTest.titleCheck(MyTest.java:32)
at java.base/java.util.ArrayList.forEach(ArrayList.java:1511)
... Removed 33 stack frames]]>
    </failure>
  </testcase> <!-- titleCheck -->
</testsuite> <!-- Test -->
