<?xml version="1.0" encoding="UTF-8"?>
<testng-results ignored="0" total="1" passed="1" failed="0" skipped="0">
  <reporter-output>
  </reporter-output>
  <suite started-at="2023-12-29T18:45:45 IST" name="Default suite" finished-at="2023-12-29T18:45:55 IST" duration-ms="10404">
    <groups>
    </groups>
    <test started-at="2023-12-29T18:45:45 IST" name="Default test" finished-at="2023-12-29T18:45:55 IST" duration-ms="10404">
      <class name="com.LoginTest">
        <test-method signature="myTest()[pri:0, instance:com.LoginTest@359f7cdf]" started-at="2023-12-29T18:45:45 IST" name="myTest" finished-at="2023-12-29T18:45:55 IST" duration-ms="10218" status="PASS">
          <reporter-output>
          </reporter-output>
        </test-method> <!-- myTest -->
      </class> <!-- com.LoginTest -->
    </test> <!-- Default test -->
  </suite> <!-- Default suite -->
</testng-results>
