<?xml version="1.0" encoding="UTF-8"?>
<!-- Generated by org.testng.reporters.JUnitXMLReporter -->
<testsuite ignored="1" hostname="DESKTOP-KQBH998" failures="0" tests="3" name="Default test" time="0.186" errors="0" timestamp="2023-12-06T18:59:31 IST">
  <testcase classname="basic.NewTest" name="test" time="0.02"/>
  <testcase classname="basic.NewTest" name="gama" time="0.005"/>
  <testcase classname="basic.NewTest" name="alpha" time="0.024"/>
  <testcase classname="basic.NewTest" name="beta" time="0.0">
    <ignored/>
  </testcase> <!-- beta -->
</testsuite> <!-- Default test -->
