<?xml version="1.0" encoding="UTF-8"?>
<!-- Generated by org.testng.reporters.JUnitXMLReporter -->
<testsuite ignored="0" hostname="DESKTOP-KQBH998" failures="2" tests="2" name="Test" time="9.481" errors="0" timestamp="2023-12-15T19:23:42 IST">
  <testcase classname="listener.FbTest" name="login" time="6.054">
    <failure type="java.lang.AssertionError" message="expected [Log in to Facebook] but found [fb-eeror]">
      <![CDATA[java.lang.AssertionError: expected [Log in to Facebook] but found [fb-eeror]
at listener.FbTest.login(FbTest.java:30)
at java.base/java.util.ArrayList.forEach(ArrayList.java:1511)
... Removed 33 stack frames]]>
    </failure>
  </testcase> <!-- login -->
  <testcase classname="listener.FbTest" name="titleCheck" time="2.984">
    <failure type="java.lang.AssertionError" message="expected [Facebook – log in or sign up] but found [fb]">
      <![CDATA[java.lang.AssertionError: expected [Facebook – log in or sign up] but found [fb]
at listener.FbTest.titleCheck(FbTest.java:19)
at java.base/java.util.ArrayList.forEach(ArrayList.java:1511)
... Removed 33 stack frames]]>
    </failure>
  </testcase> <!-- titleCheck -->
</testsuite> <!-- Test -->
