<?xml version="1.0" encoding="UTF-8"?>
<!-- Generated by org.testng.reporters.JUnitXMLReporter -->
<testsuite ignored="2" hostname="DESKTOP-KQBH998" failures="0" tests="4" name="Test2" time="0.05" errors="0" timestamp="2024-01-05T18:48:32 IST">
  <testcase classname="com.Payment" name="creditCard" time="0.005"/>
  <testcase classname="com.Account" name="currentAccout" time="0.002"/>
  <testcase classname="com.Account" name="loanAccount" time="0.003"/>
  <testcase classname="com.Account" name="savingAccount" time="0.002"/>
  <testcase classname="com.Payment" name="debitCard" time="0.0">
    <ignored/>
  </testcase> <!-- debitCard -->
  <testcase classname="com.Payment" name="cod" time="0.0">
    <ignored/>
  </testcase> <!-- cod -->
</testsuite> <!-- Test2 -->
