<?xml version="1.0" encoding="UTF-8"?>
<!-- Generated by org.testng.reporters.JUnitXMLReporter -->
<testsuite ignored="3" hostname="DESKTOP-KQBH998" failures="1" tests="3" name="Test1" time="0.194" errors="0" timestamp="2023-12-11T18:39:43 IST">
  <testcase classname="com.Payment" name="creditCard" time="0.019"/>
  <testcase classname="com.Payment" name="debitCard" time="0.023">
    <failure type="java.lang.AssertionError" message="expected [true] but found [false]">
      <![CDATA[java.lang.AssertionError: expected [true] but found [false]
at com.Payment.debitCard(Payment.java:19)
at java.base/java.util.ArrayList.forEach(ArrayList.java:1511)
... Removed 31 stack frames]]>
    </failure>
  </testcase> <!-- debitCard -->
  <testcase classname="com.Account" name="loanAccount" time="0.007"/>
  <testcase classname="com.Account" name="currentAccout" time="0.0">
    <ignored/>
  </testcase> <!-- currentAccout -->
  <testcase classname="com.Account" name="savingAccount" time="0.0">
    <ignored/>
  </testcase> <!-- savingAccount -->
  <testcase classname="com.Payment" name="cod" time="0.0">
    <ignored/>
  </testcase> <!-- cod -->
</testsuite> <!-- Test1 -->
