<?xml version="1.0" encoding="UTF-8"?>
<!-- Generated by org.testng.reporters.JUnitXMLReporter -->
<testsuite ignored="5" hostname="DESKTOP-KQBH998" failures="0" tests="1" name="Test2" time="0.018" errors="0" timestamp="2023-12-11T18:39:43 IST">
  <testcase classname="com.Account" name="currentAccout" time="0.004"/>
  <testcase classname="com.Payment" name="cod" time="0.0">
    <ignored/>
  </testcase> <!-- cod -->
  <testcase classname="com.Account" name="savingAccount" time="0.0">
    <ignored/>
  </testcase> <!-- savingAccount -->
  <testcase classname="com.Account" name="loanAccount" time="0.0">
    <ignored/>
  </testcase> <!-- loanAccount -->
  <testcase classname="com.Payment" name="debitCard" time="0.0">
    <ignored/>
  </testcase> <!-- debitCard -->
  <testcase classname="com.Payment" name="creditCard" time="0.0">
    <ignored/>
  </testcase> <!-- creditCard -->
</testsuite> <!-- Test2 -->
