<?xml version="1.0" encoding="UTF-8"?>
<!-- Generated by org.testng.reporters.JUnitXMLReporter -->
<testsuite ignored="0" hostname="DESKTOP-KQBH998" failures="1" tests="4" name="Test" time="55.111" errors="0" timestamp="2024-01-19T18:58:38 IST">
  <testcase classname="com.Day1" name="loginCheck" time="14.662"/>
  <testcase classname="com.Day1" name="loginCheck" time="13.052">
    <failure type="java.lang.AssertionError" message="expected [Guru99 Bank Home Page1] but found [Guru99 Bank Home Page]">
      <![CDATA[java.lang.AssertionError: expected [Guru99 Bank Home Page1] but found [Guru99 Bank Home Page]
at com.Day1.loginCheck(Day1.java:40)
at java.base/java.util.ArrayList.forEach(ArrayList.java:1511)
... Removed 33 stack frames]]>
    </failure>
  </testcase> <!-- loginCheck -->
  <testcase classname="com.Day1" name="loginCheck" time="12.398"/>
  <testcase classname="com.Day1" name="loginCheck" time="14.649"/>
</testsuite> <!-- Test -->
