<?xml version="1.0" encoding="UTF-8"?>
<testng-results ignored="0" total="1" passed="1" failed="0" skipped="0">
  <reporter-output>
  </reporter-output>
  <suite started-at="2023-12-15T14:45:41 IST" name="Suite" finished-at="2023-12-15T14:45:50 IST" duration-ms="8068">
    <groups>
    </groups>
    <test started-at="2023-12-15T14:45:41 IST" name="Test" finished-at="2023-12-15T14:45:50 IST" duration-ms="8068">
      <class name="com.Dynamic">
        <test-method signature="test()[pri:0, instance:com.Dynamic@1fa268de]" started-at="2023-12-15T14:45:42 IST" name="test" finished-at="2023-12-15T14:45:49 IST" duration-ms="7942" status="PASS">
          <reporter-output>
          </reporter-output>
        </test-method> <!-- test -->
      </class> <!-- com.Dynamic -->
    </test> <!-- Test -->
  </suite> <!-- Suite -->
</testng-results>
