<?xml version="1.0" encoding="UTF-8"?>
<!-- Generated by org.testng.reporters.JUnitXMLReporter -->
<testsuite ignored="0" hostname="DESKTOP-KQBH998" failures="0" tests="5" name="Default test" time="12.897" errors="0" timestamp="2023-12-20T19:15:47 IST">
  <testcase classname="com.HybridFramwork" name="test" time="3.719"/>
  <testcase classname="com.HybridFramwork" name="test" time="2.095"/>
  <testcase classname="com.HybridFramwork" name="test" time="0.267"/>
  <testcase classname="com.HybridFramwork" name="test" time="0.307"/>
  <testcase classname="com.HybridFramwork" name="test" time="0.368"/>
</testsuite> <!-- Default test -->
